0,7 2020-04-26 17:07:30.92
0,2 2020-04-26 17:07:36.10
0,3 2020-04-26 17:07:41.26
2,4 2020-04-26 17:07:46.44
7,8 2020-04-26 17:07:51.67
4,3 2020-04-26 17:07:56.85
6,7 2020-04-26 17:08:02.03
7,8 2020-04-26 17:08:07.26
2,4 2020-04-26 17:08:12.47
5,7 2020-04-26 17:08:17.70
5,7 2020-04-26 17:08:23.07
8,2 2020-04-26 17:08:28.27
1,5 2020-04-26 17:08:33.46
8,0 2020-04-26 17:08:38.67
8,3 2020-04-26 17:08:43.86
4,9 2020-04-26 17:08:49.06
1,6 2020-04-26 17:08:54.27
1,5 2020-04-26 17:08:59.46
8,4 2020-04-26 17:09:04.63
5,9 2020-04-26 17:09:09.80
5,9 2020-04-26 17:09:14.98
4,1 2020-04-26 17:09:20.17
2,1 2020-04-26 17:09:25.38
1,4 2020-04-26 17:09:30.56
0,2 2020-04-26 17:09:35.74
1,0 2020-04-26 17:09:40.92
6,0 2020-04-26 17:09:46.10
6,5 2020-04-26 17:09:51.26
9,1 2020-04-26 17:09:56.43
3,4 2020-04-26 17:10:01.62
8,1 2020-04-26 17:10:06.81
4,3 2020-04-26 17:10:12.00
5,1 2020-04-26 17:10:17.18
9,7 2020-04-26 17:10:22.36
8,6 2020-04-26 17:10:27.54
4,6 2020-04-26 17:10:32.72
3,4 2020-04-26 17:10:37.91
1,0 2020-04-26 17:10:43.18
3,6 2020-04-26 17:10:48.39
7,0 2020-04-26 17:10:53.58
5,7 2020-04-26 17:10:58.76
1,2 2020-04-26 17:11:03.98
8,1 2020-04-26 17:11:09.20
6,7 2020-04-26 17:11:14.40
9,7 2020-04-26 17:11:19.63
0,9 2020-04-26 17:11:24.82
0,4 2020-04-26 17:11:30.15
8,7 2020-04-26 17:11:35.39
8,0 2020-04-26 17:11:40.60
0,3 2020-04-26 17:11:46.04
4,2 2020-04-26 17:11:51.26
0,6 2020-04-26 17:11:56.45
8,7 2020-04-26 17:12:01.66
5,3 2020-04-26 17:12:06.85
5,1 2020-04-26 17:12:12.03
1,9 2020-04-26 17:12:17.21
8,7 2020-04-26 17:12:22.48
3,7 2020-04-26 17:12:27.67
4,5 2020-04-26 17:12:32.84
0,2 2020-04-26 17:12:38.02
2,9 2020-04-26 17:12:43.23
4,6 2020-04-26 17:12:48.42
4,2 2020-04-26 17:12:53.60
3,6 2020-04-26 17:12:58.79
2,0 2020-04-26 17:13:03.97
4,0 2020-04-26 17:13:09.14
4,0 2020-04-26 17:13:14.32
0,2 2020-04-26 17:13:19.50
9,0 2020-04-26 17:13:24.68
0,1 2020-04-26 17:13:29.85
7,3 2020-04-26 17:13:35.03
1,4 2020-04-26 17:13:40.20
3,2 2020-04-26 17:13:45.43
9,7 2020-04-26 17:13:50.62
1,5 2020-04-26 17:13:55.79
6,8 2020-04-26 17:14:00.99
1,3 2020-04-26 17:14:06.19
6,2 2020-04-26 17:14:11.37
8,2 2020-04-26 17:14:16.55
6,5 2020-04-26 17:14:21.73
7,8 2020-04-26 17:14:26.92
1,6 2020-04-26 17:14:32.12
0,7 2020-04-26 17:14:37.30
6,4 2020-04-26 17:14:42.48
9,7 2020-04-26 17:14:47.67
3,7 2020-04-26 17:14:52.88
7,9 2020-04-26 17:14:58.06
8,4 2020-04-26 17:15:03.24
1,5 2020-04-26 17:15:08.41
9,0 2020-04-26 17:15:13.59
1,5 2020-04-26 17:15:18.78
0,3 2020-04-26 17:15:23.95
9,5 2020-04-26 17:15:29.23
4,7 2020-04-26 17:15:34.39
4,7 2020-04-26 17:15:39.60
7,4 2020-04-26 17:15:44.77
4,5 2020-04-26 17:15:50.02
2,0 2020-04-26 17:15:55.19
9,4 2020-04-26 17:16:00.36
